<?xml version="1.0" encoding="utf-8"?><testsuites name="pytest tests"><testsuite name="pytest" errors="0" failures="0" skipped="0" tests="32" time="9.757" timestamp="2026-08-03T07:39:33.040546+00:00" hostname="agent-env-aef3bacf-8638-40e1-bae1-2a1c79aa2675"><testcase classname="tests.backend_test" name="test_config" time="1.016" /><testcase classname="tests.backend_test" name="test_lookup_rejects_bad[bad@std.ewubd.edu]" time="0.042" /><testcase classname="tests.backend_test" name="test_lookup_rejects_bad[1234@std.ewubd.edu]" time="0.041" /><testcase classname="tests.backend_test" name="test_lookup_rejects_bad[2022-1-80-14@std.ewubd.edu]" time="0.042" /><testcase classname="tests.backend_test" name="test_lookup_rejects_bad[abc]" time="0.081" /><testcase classname="tests.backend_test" name="test_lookup_valid_new" time="0.042" /><testcase classname="tests.backend_test" name="test_submit_chashara_happy" time="0.130" /><testcase classname="tests.backend_test" name="test_submit_duplicate_conflict" time="0.042" /><testcase classname="tests.backend_test" name="test_submit_lead_route" time="0.125" /><testcase classname="tests.backend_test" name="test_admin_login_wrong" time="0.303" /><testcase classname="tests.backend_test" name="test_admin_login_ok" time="0.000" /><testcase classname="tests.backend_test" name="test_analytics_reflects_submission" time="0.049" /><testcase classname="tests.backend_test" name="test_analytics_month_filter" time="0.130" /><testcase classname="tests.backend_test" name="test_available_months" time="0.081" /><testcase classname="tests.backend_test" name="test_leads_list" time="0.044" /><testcase classname="tests.backend_test" name="test_toggle_flips_test_flag" time="0.175" /><testcase classname="tests.backend_test" name="test_ban_blocks_submit" time="0.249" /><testcase classname="tests.backend_test" name="test_csv_export" time="0.052" /><testcase classname="tests.backend_test" name="test_reset_testing_archives" time="0.169" /><testcase classname="tests.backend_test" name="test_change_password_flow" time="1.629" /><testcase classname="tests.backend_test" name="test_forecast_fallback_when_low" time="0.045" /><testcase classname="tests.backend_test" name="test_forecast_ai_when_enough" time="3.966" /><testcase classname="tests.test_iteration2" name="test_schedule_counts_sep_2026_defaults" time="0.470" /><testcase classname="tests.test_iteration2" name="test_schedule_counts_semester_scope" time="0.082" /><testcase classname="tests.test_iteration2" name="test_admin_schedule_toggle_sep_15_off_reduces_tuesday" time="0.126" /><testcase classname="tests.test_iteration2" name="test_admin_schedule_rejects_enable_friday" time="0.042" /><testcase classname="tests.test_iteration2" name="test_admin_schedule_rejects_enable_saturday" time="0.044" /><testcase classname="tests.test_iteration2" name="test_admin_schedule_month_view" time="0.042" /><testcase classname="tests.test_iteration2" name="test_semester_config_update_and_reject_invalid" time="0.175" /><testcase classname="tests.test_iteration2" name="test_survey_submit_new_pricing_sep_2026" time="0.092" /><testcase classname="tests.test_iteration2" name="test_analytics_direction_summary" time="0.045" /><testcase classname="tests.test_iteration2" name="test_admin_schedule_requires_auth" time="0.124" /></testsuite></testsuites>