<?xml version="1.0" encoding="utf-8"?><testsuites name="pytest tests"><testsuite name="pytest" errors="0" failures="0" skipped="0" tests="22" time="12.574" timestamp="2026-08-03T07:04:26.570377+00:00" hostname="agent-env-aef3bacf-8638-40e1-bae1-2a1c79aa2675"><testcase classname="tests.backend_test" name="test_config" time="0.942" /><testcase classname="tests.backend_test" name="test_lookup_rejects_bad[bad@std.ewubd.edu]" time="0.043" /><testcase classname="tests.backend_test" name="test_lookup_rejects_bad[1234@std.ewubd.edu]" time="0.043" /><testcase classname="tests.backend_test" name="test_lookup_rejects_bad[2022-1-80-14@std.ewubd.edu]" time="0.045" /><testcase classname="tests.backend_test" name="test_lookup_rejects_bad[abc]" time="0.043" /><testcase classname="tests.backend_test" name="test_lookup_valid_new" time="0.046" /><testcase classname="tests.backend_test" name="test_submit_chashara_happy" time="0.099" /><testcase classname="tests.backend_test" name="test_submit_duplicate_conflict" time="0.043" /><testcase classname="tests.backend_test" name="test_submit_lead_route" time="0.142" /><testcase classname="tests.backend_test" name="test_admin_login_wrong" time="0.264" /><testcase classname="tests.backend_test" name="test_admin_login_ok" time="0.000" /><testcase classname="tests.backend_test" name="test_analytics_reflects_submission" time="0.044" /><testcase classname="tests.backend_test" name="test_analytics_month_filter" time="0.131" /><testcase classname="tests.backend_test" name="test_available_months" time="0.045" /><testcase classname="tests.backend_test" name="test_leads_list" time="0.045" /><testcase classname="tests.backend_test" name="test_toggle_flips_test_flag" time="0.172" /><testcase classname="tests.backend_test" name="test_ban_blocks_submit" time="0.190" /><testcase classname="tests.backend_test" name="test_csv_export" time="0.044" /><testcase classname="tests.backend_test" name="test_reset_testing_archives" time="0.193" /><testcase classname="tests.backend_test" name="test_change_password_flow" time="1.512" /><testcase classname="tests.backend_test" name="test_forecast_fallback_when_low" time="0.045" /><testcase classname="tests.backend_test" name="test_forecast_ai_when_enough" time="7.909" /></testsuite></testsuites>